<?xml version="1.0" encoding="UTF-8"?>
<testsuite name="Estoy realizando una prueba de automatización para la página de Utest" tests="1" skipped="0" failures="0" errors="0" timestamp="2022-08-21T12:39:00" hostname="DESKTOP-6UECJMT" time="35.817">
  <properties/>
  <testcase name="Completae la prueba de automatización en Utest" classname="Estoy realizando una prueba de automatización para la página de Utest" time="35.817"/>
  <system-out><![CDATA[]]></system-out>
  <system-err><![CDATA[[Test worker] WARN net.thucydides.core.steps.BaseStepListener - stepStarted: net.thucydides.core.steps.ExecutedStepDescription@5fd62371
[Test worker] WARN net.thucydides.core.steps.BaseStepListener - stepStarted: net.thucydides.core.steps.ExecutedStepDescription@37b72ea
[Test worker] WARN net.thucydides.core.steps.BaseStepListener - stepStarted: net.thucydides.core.steps.ExecutedStepDescription@359b650b
ago 21, 2022 7:39:01 AM org.openqa.selenium.remote.DesiredCapabilities chrome
INFORMACIÓN: Using `new ChromeOptions()` is preferred to `DesiredCapabilities.chrome()`
[Test worker] INFO net.serenitybdd.core.webdriver.driverproviders.ProvideNewDriver - Instantiating driver
[Test worker] INFO net.serenitybdd.core.webdriver.driverproviders.ProvideNewDriver - Driver capabilities: Capabilities {acceptInsecureCerts: false, browserName: chrome, chrome.switches: --start-maximized, goog:chromeOptions: {args: [--start-maximized], extensions: []}, loggingPrefs: org.openqa.selenium.logging..., platform: ANY, version: }
Starting ChromeDriver 104.0.5112.79 (3cf3e8c8a07d104b9e1260c910efb8f383285dc5-refs/branch-heads/5112@{#1307}) on port 36824
Only local connections are allowed.
Please see https://chromedriver.chromium.org/security-considerations for suggestions on keeping ChromeDriver safe.
ChromeDriver was started successfully.
ago 21, 2022 7:39:04 AM org.openqa.selenium.remote.ProtocolHandshake createSession
INFORMACIÓN: Detected dialect: W3C
[Test worker] WARN net.thucydides.core.steps.BaseStepListener - stepFinished: current outcome:Completae la prueba de automatización en Utest:Given Quiero completar la prueba tecnica de Choucair asociada a la automatizacion [Brandon open up [Brandon opens the U test page]]
[Test worker] WARN net.thucydides.core.steps.BaseStepListener - stepFinished: current outcome:Completae la prueba de automatización en Utest:Given Quiero completar la prueba tecnica de Choucair asociada a la automatizacion [Brandon open up [Brandon opens the U test page]]
[Test worker] WARN net.thucydides.core.steps.BaseStepListener - stepStarted: net.thucydides.core.steps.ExecutedStepDescription@2954f6ab
[Test worker] WARN net.thucydides.core.steps.BaseStepListener - stepStarted: net.thucydides.core.steps.ExecutedStepDescription@dd4aec3
[Test worker] WARN net.thucydides.core.steps.BaseStepListener - stepFinished: current outcome:Completae la prueba de automatización en Utest:Given Quiero completar la prueba tecnica de Choucair asociada a la automatizacion [Brandon open up [Brandon opens the U test page], Brandon login [Brandon clicks on button that shows us the form to login]]
[Test worker] WARN net.thucydides.core.steps.BaseStepListener - stepStarted: net.thucydides.core.steps.ExecutedStepDescription@23ed382c
[Test worker] WARN net.thucydides.core.steps.BaseStepListener - stepFinished: current outcome:Completae la prueba de automatización en Utest:Given Quiero completar la prueba tecnica de Choucair asociada a la automatizacion [Brandon open up [Brandon opens the U test page], Brandon login [Brandon clicks on button that shows us the form to login, Brandon enters 'Daniel' into Where do we write the frist name]]
[Test worker] WARN net.thucydides.core.steps.BaseStepListener - stepStarted: net.thucydides.core.steps.ExecutedStepDescription@429aeac1
[Test worker] WARN net.thucydides.core.steps.BaseStepListener - stepFinished: current outcome:Completae la prueba de automatización en Utest:Given Quiero completar la prueba tecnica de Choucair asociada a la automatizacion [Brandon open up [Brandon opens the U test page], Brandon login [Brandon clicks on button that shows us the form to login, Brandon enters 'Daniel' into Where do we write the frist name, Brandon enters 'Zuleta' into Where do we write the last name]]
[Test worker] WARN net.thucydides.core.steps.BaseStepListener - stepStarted: net.thucydides.core.steps.ExecutedStepDescription@4cc7d00d
[Test worker] WARN net.thucydides.core.steps.BaseStepListener - stepFinished: current outcome:Completae la prueba de automatización en Utest:Given Quiero completar la prueba tecnica de Choucair asociada a la automatizacion [Brandon open up [Brandon opens the U test page], Brandon login [Brandon clicks on button that shows us the form to login, Brandon enters 'Daniel' into Where do we write the frist name, Brandon enters 'Zuleta' into Where do we write the last name, Brandon enters 'Danielzuleta2022@pruebados.com' into Where do we write the e-mail]]
[Test worker] WARN net.thucydides.core.steps.BaseStepListener - stepStarted: net.thucydides.core.steps.ExecutedStepDescription@5856dbe4
[Test worker] WARN net.thucydides.core.steps.BaseStepListener - stepFinished: current outcome:Completae la prueba de automatización en Utest:Given Quiero completar la prueba tecnica de Choucair asociada a la automatizacion [Brandon open up [Brandon opens the U test page], Brandon login [Brandon clicks on button that shows us the form to login, Brandon enters 'Daniel' into Where do we write the frist name, Brandon enters 'Zuleta' into Where do we write the last name, Brandon enters 'Danielzuleta2022@pruebados.com' into Where do we write the e-mail, Brandon select February on Where do we write the bird month]]
[Test worker] WARN net.thucydides.core.steps.BaseStepListener - stepStarted: net.thucydides.core.steps.ExecutedStepDescription@3c952a33
[Test worker] WARN net.thucydides.core.steps.BaseStepListener - stepFinished: current outcome:Completae la prueba de automatización en Utest:Given Quiero completar la prueba tecnica de Choucair asociada a la automatizacion [Brandon open up [Brandon opens the U test page], Brandon login [Brandon clicks on button that shows us the form to login, Brandon enters 'Daniel' into Where do we write the frist name, Brandon enters 'Zuleta' into Where do we write the last name, Brandon enters 'Danielzuleta2022@pruebados.com' into Where do we write the e-mail, Brandon select February on Where do we write the bird month, Brandon select 20 on Where do we write the bird month]]
[Test worker] WARN net.thucydides.core.steps.BaseStepListener - stepStarted: net.thucydides.core.steps.ExecutedStepDescription@6ecc02bb
[Test worker] WARN net.thucydides.core.steps.BaseStepListener - stepFinished: current outcome:Completae la prueba de automatización en Utest:Given Quiero completar la prueba tecnica de Choucair asociada a la automatizacion [Brandon open up [Brandon opens the U test page], Brandon login [Brandon clicks on button that shows us the form to login, Brandon enters 'Daniel' into Where do we write the frist name, Brandon enters 'Zuleta' into Where do we write the last name, Brandon enters 'Danielzuleta2022@pruebados.com' into Where do we write the e-mail, Brandon select February on Where do we write the bird month, Brandon select 20 on Where do we write the bird month, Brandon select 2000 on Where do we write the bird month]]
[Test worker] WARN net.thucydides.core.steps.BaseStepListener - stepStarted: net.thucydides.core.steps.ExecutedStepDescription@7741d346
[Test worker] WARN net.thucydides.core.steps.BaseStepListener - stepFinished: current outcome:Completae la prueba de automatización en Utest:Given Quiero completar la prueba tecnica de Choucair asociada a la automatizacion [Brandon open up [Brandon opens the U test page], Brandon login [Brandon clicks on button that shows us the form to login, Brandon enters 'Daniel' into Where do we write the frist name, Brandon enters 'Zuleta' into Where do we write the last name, Brandon enters 'Danielzuleta2022@pruebados.com' into Where do we write the e-mail, Brandon select February on Where do we write the bird month, Brandon select 20 on Where do we write the bird month, Brandon select 2000 on Where do we write the bird month, Brandon clicks on Button for next page ]]
[Test worker] WARN net.thucydides.core.steps.BaseStepListener - stepStarted: net.thucydides.core.steps.ExecutedStepDescription@2f677247
[Test worker] WARN net.thucydides.core.steps.BaseStepListener - stepFinished: current outcome:Completae la prueba de automatización en Utest:Given Quiero completar la prueba tecnica de Choucair asociada a la automatizacion [Brandon open up [Brandon opens the U test page], Brandon login [Brandon clicks on button that shows us the form to login, Brandon enters 'Daniel' into Where do we write the frist name, Brandon enters 'Zuleta' into Where do we write the last name, Brandon enters 'Danielzuleta2022@pruebados.com' into Where do we write the e-mail, Brandon select February on Where do we write the bird month, Brandon select 20 on Where do we write the bird month, Brandon select 2000 on Where do we write the bird month, Brandon clicks on Button for next page , Brandon enters '29902020' into Where do we write code postal]]
[Test worker] WARN net.thucydides.core.steps.BaseStepListener - stepStarted: net.thucydides.core.steps.ExecutedStepDescription@704067c6
[Test worker] WARN net.thucydides.core.steps.BaseStepListener - stepFinished: current outcome:Completae la prueba de automatización en Utest:Given Quiero completar la prueba tecnica de Choucair asociada a la automatizacion [Brandon open up [Brandon opens the U test page], Brandon login [Brandon clicks on button that shows us the form to login, Brandon enters 'Daniel' into Where do we write the frist name, Brandon enters 'Zuleta' into Where do we write the last name, Brandon enters 'Danielzuleta2022@pruebados.com' into Where do we write the e-mail, Brandon select February on Where do we write the bird month, Brandon select 20 on Where do we write the bird month, Brandon select 2000 on Where do we write the bird month, Brandon clicks on Button for next page , Brandon enters '29902020' into Where do we write code postal, Brandon clicks on SELECT SYSTEM OPERATIVE]]
[Test worker] WARN net.thucydides.core.steps.BaseStepListener - stepStarted: net.thucydides.core.steps.ExecutedStepDescription@3ece79fe
[Test worker] WARN net.thucydides.core.steps.BaseStepListener - stepFinished: current outcome:Completae la prueba de automatización en Utest:Given Quiero completar la prueba tecnica de Choucair asociada a la automatizacion [Brandon open up [Brandon opens the U test page], Brandon login [Brandon clicks on button that shows us the form to login, Brandon enters 'Daniel' into Where do we write the frist name, Brandon enters 'Zuleta' into Where do we write the last name, Brandon enters 'Danielzuleta2022@pruebados.com' into Where do we write the e-mail, Brandon select February on Where do we write the bird month, Brandon select 20 on Where do we write the bird month, Brandon select 2000 on Where do we write the bird month, Brandon clicks on Button for next page , Brandon enters '29902020' into Where do we write code postal, Brandon clicks on SELECT SYSTEM OPERATIVE, Brandon clicks on SELECT SYSTEM OPERATIVE]]
[Test worker] WARN net.thucydides.core.steps.BaseStepListener - stepStarted: net.thucydides.core.steps.ExecutedStepDescription@2b53840a
[Test worker] WARN net.thucydides.core.steps.BaseStepListener - stepFinished: current outcome:Completae la prueba de automatización en Utest:Given Quiero completar la prueba tecnica de Choucair asociada a la automatizacion [Brandon open up [Brandon opens the U test page], Brandon login [Brandon clicks on button that shows us the form to login, Brandon enters 'Daniel' into Where do we write the frist name, Brandon enters 'Zuleta' into Where do we write the last name, Brandon enters 'Danielzuleta2022@pruebados.com' into Where do we write the e-mail, Brandon select February on Where do we write the bird month, Brandon select 20 on Where do we write the bird month, Brandon select 2000 on Where do we write the bird month, Brandon clicks on Button for next page , Brandon enters '29902020' into Where do we write code postal, Brandon clicks on SELECT SYSTEM OPERATIVE, Brandon clicks on SELECT SYSTEM OPERATIVE, Brandon clicks on next page Three]]
[Test worker] WARN net.thucydides.core.steps.BaseStepListener - stepStarted: net.thucydides.core.steps.ExecutedStepDescription@3249e278
[Test worker] WARN net.thucydides.core.steps.BaseStepListener - stepFinished: current outcome:Completae la prueba de automatización en Utest:Given Quiero completar la prueba tecnica de Choucair asociada a la automatizacion [Brandon open up [Brandon opens the U test page], Brandon login [Brandon clicks on button that shows us the form to login, Brandon enters 'Daniel' into Where do we write the frist name, Brandon enters 'Zuleta' into Where do we write the last name, Brandon enters 'Danielzuleta2022@pruebados.com' into Where do we write the e-mail, Brandon select February on Where do we write the bird month, Brandon select 20 on Where do we write the bird month, Brandon select 2000 on Where do we write the bird month, Brandon clicks on Button for next page , Brandon enters '29902020' into Where do we write code postal, Brandon clicks on SELECT SYSTEM OPERATIVE, Brandon clicks on SELECT SYSTEM OPERATIVE, Brandon clicks on next page Three, Brandon clicks on SELECT SYSTEM OPERATIVE]]
[Test worker] WARN net.thucydides.core.steps.BaseStepListener - stepStarted: net.thucydides.core.steps.ExecutedStepDescription@66e17eff
[Test worker] WARN net.thucydides.core.steps.BaseStepListener - stepFinished: current outcome:Completae la prueba de automatización en Utest:Given Quiero completar la prueba tecnica de Choucair asociada a la automatizacion [Brandon open up [Brandon opens the U test page], Brandon login [Brandon clicks on button that shows us the form to login, Brandon enters 'Daniel' into Where do we write the frist name, Brandon enters 'Zuleta' into Where do we write the last name, Brandon enters 'Danielzuleta2022@pruebados.com' into Where do we write the e-mail, Brandon select February on Where do we write the bird month, Brandon select 20 on Where do we write the bird month, Brandon select 2000 on Where do we write the bird month, Brandon clicks on Button for next page , Brandon enters '29902020' into Where do we write code postal, Brandon clicks on SELECT SYSTEM OPERATIVE, Brandon clicks on SELECT SYSTEM OPERATIVE, Brandon clicks on next page Three, Brandon clicks on SELECT SYSTEM OPERATIVE, Brandon clicks on SELECT SYSTEM OPERATIVE]]
[Test worker] WARN net.thucydides.core.steps.BaseStepListener - stepStarted: net.thucydides.core.steps.ExecutedStepDescription@543d5863
[Test worker] WARN net.thucydides.core.steps.BaseStepListener - stepFinished: current outcome:Completae la prueba de automatización en Utest:Given Quiero completar la prueba tecnica de Choucair asociada a la automatizacion [Brandon open up [Brandon opens the U test page], Brandon login [Brandon clicks on button that shows us the form to login, Brandon enters 'Daniel' into Where do we write the frist name, Brandon enters 'Zuleta' into Where do we write the last name, Brandon enters 'Danielzuleta2022@pruebados.com' into Where do we write the e-mail, Brandon select February on Where do we write the bird month, Brandon select 20 on Where do we write the bird month, Brandon select 2000 on Where do we write the bird month, Brandon clicks on Button for next page , Brandon enters '29902020' into Where do we write code postal, Brandon clicks on SELECT SYSTEM OPERATIVE, Brandon clicks on SELECT SYSTEM OPERATIVE, Brandon clicks on next page Three, Brandon clicks on SELECT SYSTEM OPERATIVE, Brandon clicks on SELECT SYSTEM OPERATIVE, Brandon clicks on SELECT SYSTEM OPERATIVE]]
[Test worker] WARN net.thucydides.core.steps.BaseStepListener - stepStarted: net.thucydides.core.steps.ExecutedStepDescription@4d464510
[Test worker] WARN net.thucydides.core.steps.BaseStepListener - stepFinished: current outcome:Completae la prueba de automatización en Utest:Given Quiero completar la prueba tecnica de Choucair asociada a la automatizacion [Brandon open up [Brandon opens the U test page], Brandon login [Brandon clicks on button that shows us the form to login, Brandon enters 'Daniel' into Where do we write the frist name, Brandon enters 'Zuleta' into Where do we write the last name, Brandon enters 'Danielzuleta2022@pruebados.com' into Where do we write the e-mail, Brandon select February on Where do we write the bird month, Brandon select 20 on Where do we write the bird month, Brandon select 2000 on Where do we write the bird month, Brandon clicks on Button for next page , Brandon enters '29902020' into Where do we write code postal, Brandon clicks on SELECT SYSTEM OPERATIVE, Brandon clicks on SELECT SYSTEM OPERATIVE, Brandon clicks on next page Three, Brandon clicks on SELECT SYSTEM OPERATIVE, Brandon clicks on SELECT SYSTEM OPERATIVE, Brandon clicks on SELECT SYSTEM OPERATIVE, Brandon clicks on SELECT SYSTEM OPERATIVE]]
[Test worker] WARN net.thucydides.core.steps.BaseStepListener - stepStarted: net.thucydides.core.steps.ExecutedStepDescription@31723307
[Test worker] WARN net.thucydides.core.steps.BaseStepListener - stepFinished: current outcome:Completae la prueba de automatización en Utest:Given Quiero completar la prueba tecnica de Choucair asociada a la automatizacion [Brandon open up [Brandon opens the U test page], Brandon login [Brandon clicks on button that shows us the form to login, Brandon enters 'Daniel' into Where do we write the frist name, Brandon enters 'Zuleta' into Where do we write the last name, Brandon enters 'Danielzuleta2022@pruebados.com' into Where do we write the e-mail, Brandon select February on Where do we write the bird month, Brandon select 20 on Where do we write the bird month, Brandon select 2000 on Where do we write the bird month, Brandon clicks on Button for next page , Brandon enters '29902020' into Where do we write code postal, Brandon clicks on SELECT SYSTEM OPERATIVE, Brandon clicks on SELECT SYSTEM OPERATIVE, Brandon clicks on next page Three, Brandon clicks on SELECT SYSTEM OPERATIVE, Brandon clicks on SELECT SYSTEM OPERATIVE, Brandon clicks on SELECT SYSTEM OPERATIVE, Brandon clicks on SELECT SYSTEM OPERATIVE, Brandon clicks on SELECT SYSTEM OPERATIVE]]
[Test worker] WARN net.thucydides.core.steps.BaseStepListener - stepStarted: net.thucydides.core.steps.ExecutedStepDescription@10a18e3e
[Test worker] WARN net.thucydides.core.steps.BaseStepListener - stepFinished: current outcome:Completae la prueba de automatización en Utest:Given Quiero completar la prueba tecnica de Choucair asociada a la automatizacion [Brandon open up [Brandon opens the U test page], Brandon login [Brandon clicks on button that shows us the form to login, Brandon enters 'Daniel' into Where do we write the frist name, Brandon enters 'Zuleta' into Where do we write the last name, Brandon enters 'Danielzuleta2022@pruebados.com' into Where do we write the e-mail, Brandon select February on Where do we write the bird month, Brandon select 20 on Where do we write the bird month, Brandon select 2000 on Where do we write the bird month, Brandon clicks on Button for next page , Brandon enters '29902020' into Where do we write code postal, Brandon clicks on SELECT SYSTEM OPERATIVE, Brandon clicks on SELECT SYSTEM OPERATIVE, Brandon clicks on next page Three, Brandon clicks on SELECT SYSTEM OPERATIVE, Brandon clicks on SELECT SYSTEM OPERATIVE, Brandon clicks on SELECT SYSTEM OPERATIVE, Brandon clicks on SELECT SYSTEM OPERATIVE, Brandon clicks on SELECT SYSTEM OPERATIVE, Brandon clicks on SELECT SYSTEM OPERATIVE]]
[Test worker] WARN net.thucydides.core.steps.BaseStepListener - stepStarted: net.thucydides.core.steps.ExecutedStepDescription@30c19bff
[Test worker] WARN net.thucydides.core.steps.BaseStepListener - stepFinished: current outcome:Completae la prueba de automatización en Utest:Given Quiero completar la prueba tecnica de Choucair asociada a la automatizacion [Brandon open up [Brandon opens the U test page], Brandon login [Brandon clicks on button that shows us the form to login, Brandon enters 'Daniel' into Where do we write the frist name, Brandon enters 'Zuleta' into Where do we write the last name, Brandon enters 'Danielzuleta2022@pruebados.com' into Where do we write the e-mail, Brandon select February on Where do we write the bird month, Brandon select 20 on Where do we write the bird month, Brandon select 2000 on Where do we write the bird month, Brandon clicks on Button for next page , Brandon enters '29902020' into Where do we write code postal, Brandon clicks on SELECT SYSTEM OPERATIVE, Brandon clicks on SELECT SYSTEM OPERATIVE, Brandon clicks on next page Three, Brandon clicks on SELECT SYSTEM OPERATIVE, Brandon clicks on SELECT SYSTEM OPERATIVE, Brandon clicks on SELECT SYSTEM OPERATIVE, Brandon clicks on SELECT SYSTEM OPERATIVE, Brandon clicks on SELECT SYSTEM OPERATIVE, Brandon clicks on SELECT SYSTEM OPERATIVE, Brandon clicks on SELECT SYSTEM OPERATIVE]]
[Test worker] WARN net.thucydides.core.steps.BaseStepListener - stepStarted: net.thucydides.core.steps.ExecutedStepDescription@54ffa561
[Test worker] WARN net.thucydides.core.steps.BaseStepListener - stepFinished: current outcome:Completae la prueba de automatización en Utest:Given Quiero completar la prueba tecnica de Choucair asociada a la automatizacion [Brandon open up [Brandon opens the U test page], Brandon login [Brandon clicks on button that shows us the form to login, Brandon enters 'Daniel' into Where do we write the frist name, Brandon enters 'Zuleta' into Where do we write the last name, Brandon enters 'Danielzuleta2022@pruebados.com' into Where do we write the e-mail, Brandon select February on Where do we write the bird month, Brandon select 20 on Where do we write the bird month, Brandon select 2000 on Where do we write the bird month, Brandon clicks on Button for next page , Brandon enters '29902020' into Where do we write code postal, Brandon clicks on SELECT SYSTEM OPERATIVE, Brandon clicks on SELECT SYSTEM OPERATIVE, Brandon clicks on next page Three, Brandon clicks on SELECT SYSTEM OPERATIVE, Brandon clicks on SELECT SYSTEM OPERATIVE, Brandon clicks on SELECT SYSTEM OPERATIVE, Brandon clicks on SELECT SYSTEM OPERATIVE, Brandon clicks on SELECT SYSTEM OPERATIVE, Brandon clicks on SELECT SYSTEM OPERATIVE, Brandon clicks on SELECT SYSTEM OPERATIVE, Brandon clicks on SELECT SYSTEM OPERATIVE]]
[Test worker] WARN net.thucydides.core.steps.BaseStepListener - stepStarted: net.thucydides.core.steps.ExecutedStepDescription@1e1237ab
[Test worker] WARN net.thucydides.core.steps.BaseStepListener - stepFinished: current outcome:Completae la prueba de automatización en Utest:Given Quiero completar la prueba tecnica de Choucair asociada a la automatizacion [Brandon open up [Brandon opens the U test page], Brandon login [Brandon clicks on button that shows us the form to login, Brandon enters 'Daniel' into Where do we write the frist name, Brandon enters 'Zuleta' into Where do we write the last name, Brandon enters 'Danielzuleta2022@pruebados.com' into Where do we write the e-mail, Brandon select February on Where do we write the bird month, Brandon select 20 on Where do we write the bird month, Brandon select 2000 on Where do we write the bird month, Brandon clicks on Button for next page , Brandon enters '29902020' into Where do we write code postal, Brandon clicks on SELECT SYSTEM OPERATIVE, Brandon clicks on SELECT SYSTEM OPERATIVE, Brandon clicks on next page Three, Brandon clicks on SELECT SYSTEM OPERATIVE, Brandon clicks on SELECT SYSTEM OPERATIVE, Brandon clicks on SELECT SYSTEM OPERATIVE, Brandon clicks on SELECT SYSTEM OPERATIVE, Brandon clicks on SELECT SYSTEM OPERATIVE, Brandon clicks on SELECT SYSTEM OPERATIVE, Brandon clicks on SELECT SYSTEM OPERATIVE, Brandon clicks on SELECT SYSTEM OPERATIVE, Brandon clicks on SELECT SYSTEM OPERATIVE]]
[Test worker] WARN net.thucydides.core.steps.BaseStepListener - stepStarted: net.thucydides.core.steps.ExecutedStepDescription@59303963
[Test worker] WARN net.thucydides.core.steps.BaseStepListener - stepFinished: current outcome:Completae la prueba de automatización en Utest:Given Quiero completar la prueba tecnica de Choucair asociada a la automatizacion [Brandon open up [Brandon opens the U test page], Brandon login [Brandon clicks on button that shows us the form to login, Brandon enters 'Daniel' into Where do we write the frist name, Brandon enters 'Zuleta' into Where do we write the last name, Brandon enters 'Danielzuleta2022@pruebados.com' into Where do we write the e-mail, Brandon select February on Where do we write the bird month, Brandon select 20 on Where do we write the bird month, Brandon select 2000 on Where do we write the bird month, Brandon clicks on Button for next page , Brandon enters '29902020' into Where do we write code postal, Brandon clicks on SELECT SYSTEM OPERATIVE, Brandon clicks on SELECT SYSTEM OPERATIVE, Brandon clicks on next page Three, Brandon clicks on SELECT SYSTEM OPERATIVE, Brandon clicks on SELECT SYSTEM OPERATIVE, Brandon clicks on SELECT SYSTEM OPERATIVE, Brandon clicks on SELECT SYSTEM OPERATIVE, Brandon clicks on SELECT SYSTEM OPERATIVE, Brandon clicks on SELECT SYSTEM OPERATIVE, Brandon clicks on SELECT SYSTEM OPERATIVE, Brandon clicks on SELECT SYSTEM OPERATIVE, Brandon clicks on SELECT SYSTEM OPERATIVE, Brandon clicks on SELECT SYSTEM OPERATIVE]]
[Test worker] WARN net.thucydides.core.steps.BaseStepListener - stepStarted: net.thucydides.core.steps.ExecutedStepDescription@443a53df
[Test worker] WARN net.thucydides.core.steps.BaseStepListener - stepFinished: current outcome:Completae la prueba de automatización en Utest:Given Quiero completar la prueba tecnica de Choucair asociada a la automatizacion [Brandon open up [Brandon opens the U test page], Brandon login [Brandon clicks on button that shows us the form to login, Brandon enters 'Daniel' into Where do we write the frist name, Brandon enters 'Zuleta' into Where do we write the last name, Brandon enters 'Danielzuleta2022@pruebados.com' into Where do we write the e-mail, Brandon select February on Where do we write the bird month, Brandon select 20 on Where do we write the bird month, Brandon select 2000 on Where do we write the bird month, Brandon clicks on Button for next page , Brandon enters '29902020' into Where do we write code postal, Brandon clicks on SELECT SYSTEM OPERATIVE, Brandon clicks on SELECT SYSTEM OPERATIVE, Brandon clicks on next page Three, Brandon clicks on SELECT SYSTEM OPERATIVE, Brandon clicks on SELECT SYSTEM OPERATIVE, Brandon clicks on SELECT SYSTEM OPERATIVE, Brandon clicks on SELECT SYSTEM OPERATIVE, Brandon clicks on SELECT SYSTEM OPERATIVE, Brandon clicks on SELECT SYSTEM OPERATIVE, Brandon clicks on SELECT SYSTEM OPERATIVE, Brandon clicks on SELECT SYSTEM OPERATIVE, Brandon clicks on SELECT SYSTEM OPERATIVE, Brandon clicks on SELECT SYSTEM OPERATIVE, Brandon clicks on SELECT SYSTEM OPERATIVE]]
[Test worker] WARN net.thucydides.core.steps.BaseStepListener - stepStarted: net.thucydides.core.steps.ExecutedStepDescription@6b415f5f
[Test worker] WARN net.thucydides.core.steps.BaseStepListener - stepFinished: current outcome:Completae la prueba de automatización en Utest:Given Quiero completar la prueba tecnica de Choucair asociada a la automatizacion [Brandon open up [Brandon opens the U test page], Brandon login [Brandon clicks on button that shows us the form to login, Brandon enters 'Daniel' into Where do we write the frist name, Brandon enters 'Zuleta' into Where do we write the last name, Brandon enters 'Danielzuleta2022@pruebados.com' into Where do we write the e-mail, Brandon select February on Where do we write the bird month, Brandon select 20 on Where do we write the bird month, Brandon select 2000 on Where do we write the bird month, Brandon clicks on Button for next page , Brandon enters '29902020' into Where do we write code postal, Brandon clicks on SELECT SYSTEM OPERATIVE, Brandon clicks on SELECT SYSTEM OPERATIVE, Brandon clicks on next page Three, Brandon clicks on SELECT SYSTEM OPERATIVE, Brandon clicks on SELECT SYSTEM OPERATIVE, Brandon clicks on SELECT SYSTEM OPERATIVE, Brandon clicks on SELECT SYSTEM OPERATIVE, Brandon clicks on SELECT SYSTEM OPERATIVE, Brandon clicks on SELECT SYSTEM OPERATIVE, Brandon clicks on SELECT SYSTEM OPERATIVE, Brandon clicks on SELECT SYSTEM OPERATIVE, Brandon clicks on SELECT SYSTEM OPERATIVE, Brandon clicks on SELECT SYSTEM OPERATIVE, Brandon clicks on SELECT SYSTEM OPERATIVE, Brandon clicks on SELECT SYSTEM OPERATIVE]]
[Test worker] WARN net.thucydides.core.steps.BaseStepListener - stepStarted: net.thucydides.core.steps.ExecutedStepDescription@3c9ef6e9
[Test worker] WARN net.thucydides.core.steps.BaseStepListener - stepFinished: current outcome:Completae la prueba de automatización en Utest:Given Quiero completar la prueba tecnica de Choucair asociada a la automatizacion [Brandon open up [Brandon opens the U test page], Brandon login [Brandon clicks on button that shows us the form to login, Brandon enters 'Daniel' into Where do we write the frist name, Brandon enters 'Zuleta' into Where do we write the last name, Brandon enters 'Danielzuleta2022@pruebados.com' into Where do we write the e-mail, Brandon select February on Where do we write the bird month, Brandon select 20 on Where do we write the bird month, Brandon select 2000 on Where do we write the bird month, Brandon clicks on Button for next page , Brandon enters '29902020' into Where do we write code postal, Brandon clicks on SELECT SYSTEM OPERATIVE, Brandon clicks on SELECT SYSTEM OPERATIVE, Brandon clicks on next page Three, Brandon clicks on SELECT SYSTEM OPERATIVE, Brandon clicks on SELECT SYSTEM OPERATIVE, Brandon clicks on SELECT SYSTEM OPERATIVE, Brandon clicks on SELECT SYSTEM OPERATIVE, Brandon clicks on SELECT SYSTEM OPERATIVE, Brandon clicks on SELECT SYSTEM OPERATIVE, Brandon clicks on SELECT SYSTEM OPERATIVE, Brandon clicks on SELECT SYSTEM OPERATIVE, Brandon clicks on SELECT SYSTEM OPERATIVE, Brandon clicks on SELECT SYSTEM OPERATIVE, Brandon clicks on SELECT SYSTEM OPERATIVE, Brandon clicks on SELECT SYSTEM OPERATIVE, Brandon clicks on next page Three]]
[Test worker] WARN net.thucydides.core.steps.BaseStepListener - stepStarted: net.thucydides.core.steps.ExecutedStepDescription@382dc417
[Test worker] WARN net.thucydides.core.steps.BaseStepListener - stepFinished: current outcome:Completae la prueba de automatización en Utest:Given Quiero completar la prueba tecnica de Choucair asociada a la automatizacion [Brandon open up [Brandon opens the U test page], Brandon login [Brandon clicks on button that shows us the form to login, Brandon enters 'Daniel' into Where do we write the frist name, Brandon enters 'Zuleta' into Where do we write the last name, Brandon enters 'Danielzuleta2022@pruebados.com' into Where do we write the e-mail, Brandon select February on Where do we write the bird month, Brandon select 20 on Where do we write the bird month, Brandon select 2000 on Where do we write the bird month, Brandon clicks on Button for next page , Brandon enters '29902020' into Where do we write code postal, Brandon clicks on SELECT SYSTEM OPERATIVE, Brandon clicks on SELECT SYSTEM OPERATIVE, Brandon clicks on next page Three, Brandon clicks on SELECT SYSTEM OPERATIVE, Brandon clicks on SELECT SYSTEM OPERATIVE, Brandon clicks on SELECT SYSTEM OPERATIVE, Brandon clicks on SELECT SYSTEM OPERATIVE, Brandon clicks on SELECT SYSTEM OPERATIVE, Brandon clicks on SELECT SYSTEM OPERATIVE, Brandon clicks on SELECT SYSTEM OPERATIVE, Brandon clicks on SELECT SYSTEM OPERATIVE, Brandon clicks on SELECT SYSTEM OPERATIVE, Brandon clicks on SELECT SYSTEM OPERATIVE, Brandon clicks on SELECT SYSTEM OPERATIVE, Brandon clicks on SELECT SYSTEM OPERATIVE, Brandon clicks on next page Three, Brandon enters '#aAS3Okldlqw' into WRITE YOUR PASSWORD]]
[Test worker] WARN net.thucydides.core.steps.BaseStepListener - stepStarted: net.thucydides.core.steps.ExecutedStepDescription@44aa2e13
[Test worker] WARN net.thucydides.core.steps.BaseStepListener - stepFinished: current outcome:Completae la prueba de automatización en Utest:Given Quiero completar la prueba tecnica de Choucair asociada a la automatizacion [Brandon open up [Brandon opens the U test page], Brandon login [Brandon clicks on button that shows us the form to login, Brandon enters 'Daniel' into Where do we write the frist name, Brandon enters 'Zuleta' into Where do we write the last name, Brandon enters 'Danielzuleta2022@pruebados.com' into Where do we write the e-mail, Brandon select February on Where do we write the bird month, Brandon select 20 on Where do we write the bird month, Brandon select 2000 on Where do we write the bird month, Brandon clicks on Button for next page , Brandon enters '29902020' into Where do we write code postal, Brandon clicks on SELECT SYSTEM OPERATIVE, Brandon clicks on SELECT SYSTEM OPERATIVE, Brandon clicks on next page Three, Brandon clicks on SELECT SYSTEM OPERATIVE, Brandon clicks on SELECT SYSTEM OPERATIVE, Brandon clicks on SELECT SYSTEM OPERATIVE, Brandon clicks on SELECT SYSTEM OPERATIVE, Brandon clicks on SELECT SYSTEM OPERATIVE, Brandon clicks on SELECT SYSTEM OPERATIVE, Brandon clicks on SELECT SYSTEM OPERATIVE, Brandon clicks on SELECT SYSTEM OPERATIVE, Brandon clicks on SELECT SYSTEM OPERATIVE, Brandon clicks on SELECT SYSTEM OPERATIVE, Brandon clicks on SELECT SYSTEM OPERATIVE, Brandon clicks on SELECT SYSTEM OPERATIVE, Brandon clicks on next page Three, Brandon enters '#aAS3Okldlqw' into WRITE YOUR PASSWORD, Brandon enters '#aAS3Okldlqw' into WRITE YOUR PASSWORD PASSWORD_CONFIRM]]
[Test worker] WARN net.thucydides.core.steps.BaseStepListener - stepStarted: net.thucydides.core.steps.ExecutedStepDescription@1625789b
[Test worker] WARN net.thucydides.core.steps.BaseStepListener - stepFinished: current outcome:Completae la prueba de automatización en Utest:Given Quiero completar la prueba tecnica de Choucair asociada a la automatizacion [Brandon open up [Brandon opens the U test page], Brandon login [Brandon clicks on button that shows us the form to login, Brandon enters 'Daniel' into Where do we write the frist name, Brandon enters 'Zuleta' into Where do we write the last name, Brandon enters 'Danielzuleta2022@pruebados.com' into Where do we write the e-mail, Brandon select February on Where do we write the bird month, Brandon select 20 on Where do we write the bird month, Brandon select 2000 on Where do we write the bird month, Brandon clicks on Button for next page , Brandon enters '29902020' into Where do we write code postal, Brandon clicks on SELECT SYSTEM OPERATIVE, Brandon clicks on SELECT SYSTEM OPERATIVE, Brandon clicks on next page Three, Brandon clicks on SELECT SYSTEM OPERATIVE, Brandon clicks on SELECT SYSTEM OPERATIVE, Brandon clicks on SELECT SYSTEM OPERATIVE, Brandon clicks on SELECT SYSTEM OPERATIVE, Brandon clicks on SELECT SYSTEM OPERATIVE, Brandon clicks on SELECT SYSTEM OPERATIVE, Brandon clicks on SELECT SYSTEM OPERATIVE, Brandon clicks on SELECT SYSTEM OPERATIVE, Brandon clicks on SELECT SYSTEM OPERATIVE, Brandon clicks on SELECT SYSTEM OPERATIVE, Brandon clicks on SELECT SYSTEM OPERATIVE, Brandon clicks on SELECT SYSTEM OPERATIVE, Brandon clicks on next page Three, Brandon enters '#aAS3Okldlqw' into WRITE YOUR PASSWORD, Brandon enters '#aAS3Okldlqw' into WRITE YOUR PASSWORD PASSWORD_CONFIRM, Brandon clicks on WRITE YOUR PASSWORD PASSWORD_CONFIRM]]
[Test worker] WARN net.thucydides.core.steps.BaseStepListener - stepStarted: net.thucydides.core.steps.ExecutedStepDescription@44598ef7
[Test worker] WARN net.thucydides.core.steps.BaseStepListener - stepFinished: current outcome:Completae la prueba de automatización en Utest:Given Quiero completar la prueba tecnica de Choucair asociada a la automatizacion [Brandon open up [Brandon opens the U test page], Brandon login [Brandon clicks on button that shows us the form to login, Brandon enters 'Daniel' into Where do we write the frist name, Brandon enters 'Zuleta' into Where do we write the last name, Brandon enters 'Danielzuleta2022@pruebados.com' into Where do we write the e-mail, Brandon select February on Where do we write the bird month, Brandon select 20 on Where do we write the bird month, Brandon select 2000 on Where do we write the bird month, Brandon clicks on Button for next page , Brandon enters '29902020' into Where do we write code postal, Brandon clicks on SELECT SYSTEM OPERATIVE, Brandon clicks on SELECT SYSTEM OPERATIVE, Brandon clicks on next page Three, Brandon clicks on SELECT SYSTEM OPERATIVE, Brandon clicks on SELECT SYSTEM OPERATIVE, Brandon clicks on SELECT SYSTEM OPERATIVE, Brandon clicks on SELECT SYSTEM OPERATIVE, Brandon clicks on SELECT SYSTEM OPERATIVE, Brandon clicks on SELECT SYSTEM OPERATIVE, Brandon clicks on SELECT SYSTEM OPERATIVE, Brandon clicks on SELECT SYSTEM OPERATIVE, Brandon clicks on SELECT SYSTEM OPERATIVE, Brandon clicks on SELECT SYSTEM OPERATIVE, Brandon clicks on SELECT SYSTEM OPERATIVE, Brandon clicks on SELECT SYSTEM OPERATIVE, Brandon clicks on next page Three, Brandon enters '#aAS3Okldlqw' into WRITE YOUR PASSWORD, Brandon enters '#aAS3Okldlqw' into WRITE YOUR PASSWORD PASSWORD_CONFIRM, Brandon clicks on WRITE YOUR PASSWORD PASSWORD_CONFIRM, Brandon clicks on WRITE YOUR PASSWORD PASSWORD_CONFIRM]]
[Test worker] WARN net.thucydides.core.steps.BaseStepListener - stepFinished: current outcome:Completae la prueba de automatización en Utest:Given Quiero completar la prueba tecnica de Choucair asociada a la automatizacion [Brandon open up [Brandon opens the U test page], Brandon login [Brandon clicks on button that shows us the form to login, Brandon enters 'Daniel' into Where do we write the frist name, Brandon enters 'Zuleta' into Where do we write the last name, Brandon enters 'Danielzuleta2022@pruebados.com' into Where do we write the e-mail, Brandon select February on Where do we write the bird month, Brandon select 20 on Where do we write the bird month, Brandon select 2000 on Where do we write the bird month, Brandon clicks on Button for next page , Brandon enters '29902020' into Where do we write code postal, Brandon clicks on SELECT SYSTEM OPERATIVE, Brandon clicks on SELECT SYSTEM OPERATIVE, Brandon clicks on next page Three, Brandon clicks on SELECT SYSTEM OPERATIVE, Brandon clicks on SELECT SYSTEM OPERATIVE, Brandon clicks on SELECT SYSTEM OPERATIVE, Brandon clicks on SELECT SYSTEM OPERATIVE, Brandon clicks on SELECT SYSTEM OPERATIVE, Brandon clicks on SELECT SYSTEM OPERATIVE, Brandon clicks on SELECT SYSTEM OPERATIVE, Brandon clicks on SELECT SYSTEM OPERATIVE, Brandon clicks on SELECT SYSTEM OPERATIVE, Brandon clicks on SELECT SYSTEM OPERATIVE, Brandon clicks on SELECT SYSTEM OPERATIVE, Brandon clicks on SELECT SYSTEM OPERATIVE, Brandon clicks on next page Three, Brandon enters '#aAS3Okldlqw' into WRITE YOUR PASSWORD, Brandon enters '#aAS3Okldlqw' into WRITE YOUR PASSWORD PASSWORD_CONFIRM, Brandon clicks on WRITE YOUR PASSWORD PASSWORD_CONFIRM, Brandon clicks on WRITE YOUR PASSWORD PASSWORD_CONFIRM]]
[Test worker] WARN net.thucydides.core.steps.BaseStepListener - stepFinished: current outcome:Completae la prueba de automatización en Utest:Given Quiero completar la prueba tecnica de Choucair asociada a la automatizacion [Brandon open up [Brandon opens the U test page], Brandon login [Brandon clicks on button that shows us the form to login, Brandon enters 'Daniel' into Where do we write the frist name, Brandon enters 'Zuleta' into Where do we write the last name, Brandon enters 'Danielzuleta2022@pruebados.com' into Where do we write the e-mail, Brandon select February on Where do we write the bird month, Brandon select 20 on Where do we write the bird month, Brandon select 2000 on Where do we write the bird month, Brandon clicks on Button for next page , Brandon enters '29902020' into Where do we write code postal, Brandon clicks on SELECT SYSTEM OPERATIVE, Brandon clicks on SELECT SYSTEM OPERATIVE, Brandon clicks on next page Three, Brandon clicks on SELECT SYSTEM OPERATIVE, Brandon clicks on SELECT SYSTEM OPERATIVE, Brandon clicks on SELECT SYSTEM OPERATIVE, Brandon clicks on SELECT SYSTEM OPERATIVE, Brandon clicks on SELECT SYSTEM OPERATIVE, Brandon clicks on SELECT SYSTEM OPERATIVE, Brandon clicks on SELECT SYSTEM OPERATIVE, Brandon clicks on SELECT SYSTEM OPERATIVE, Brandon clicks on SELECT SYSTEM OPERATIVE, Brandon clicks on SELECT SYSTEM OPERATIVE, Brandon clicks on SELECT SYSTEM OPERATIVE, Brandon clicks on SELECT SYSTEM OPERATIVE, Brandon clicks on next page Three, Brandon enters '#aAS3Okldlqw' into WRITE YOUR PASSWORD, Brandon enters '#aAS3Okldlqw' into WRITE YOUR PASSWORD PASSWORD_CONFIRM, Brandon clicks on WRITE YOUR PASSWORD PASSWORD_CONFIRM, Brandon clicks on WRITE YOUR PASSWORD PASSWORD_CONFIRM]]
[Test worker] WARN net.thucydides.core.steps.BaseStepListener - stepStarted: net.thucydides.core.steps.ExecutedStepDescription@3c88191b
[Test worker] WARN net.thucydides.core.steps.BaseStepListener - stepFinished: current outcome:Completae la prueba de automatización en Utest:Given Quiero completar la prueba tecnica de Choucair asociada a la automatizacion [Brandon open up [Brandon opens the U test page], Brandon login [Brandon clicks on button that shows us the form to login, Brandon enters 'Daniel' into Where do we write the frist name, Brandon enters 'Zuleta' into Where do we write the last name, Brandon enters 'Danielzuleta2022@pruebados.com' into Where do we write the e-mail, Brandon select February on Where do we write the bird month, Brandon select 20 on Where do we write the bird month, Brandon select 2000 on Where do we write the bird month, Brandon clicks on Button for next page , Brandon enters '29902020' into Where do we write code postal, Brandon clicks on SELECT SYSTEM OPERATIVE, Brandon clicks on SELECT SYSTEM OPERATIVE, Brandon clicks on next page Three, Brandon clicks on SELECT SYSTEM OPERATIVE, Brandon clicks on SELECT SYSTEM OPERATIVE, Brandon clicks on SELECT SYSTEM OPERATIVE, Brandon clicks on SELECT SYSTEM OPERATIVE, Brandon clicks on SELECT SYSTEM OPERATIVE, Brandon clicks on SELECT SYSTEM OPERATIVE, Brandon clicks on SELECT SYSTEM OPERATIVE, Brandon clicks on SELECT SYSTEM OPERATIVE, Brandon clicks on SELECT SYSTEM OPERATIVE, Brandon clicks on SELECT SYSTEM OPERATIVE, Brandon clicks on SELECT SYSTEM OPERATIVE, Brandon clicks on SELECT SYSTEM OPERATIVE, Brandon clicks on next page Three, Brandon enters '#aAS3Okldlqw' into WRITE YOUR PASSWORD, Brandon enters '#aAS3Okldlqw' into WRITE YOUR PASSWORD PASSWORD_CONFIRM, Brandon clicks on WRITE YOUR PASSWORD PASSWORD_CONFIRM, Brandon clicks on WRITE YOUR PASSWORD PASSWORD_CONFIRM]], When Busco ingresar datos relacionados al login en la pagina de Utest
[Test worker] WARN net.thucydides.core.steps.BaseStepListener - stepStarted: net.thucydides.core.steps.ExecutedStepDescription@7ca492d9
[Test worker] WARN net.thucydides.core.steps.BaseStepListener - stepFinished: current outcome:Completae la prueba de automatización en Utest:Given Quiero completar la prueba tecnica de Choucair asociada a la automatizacion [Brandon open up [Brandon opens the U test page], Brandon login [Brandon clicks on button that shows us the form to login, Brandon enters 'Daniel' into Where do we write the frist name, Brandon enters 'Zuleta' into Where do we write the last name, Brandon enters 'Danielzuleta2022@pruebados.com' into Where do we write the e-mail, Brandon select February on Where do we write the bird month, Brandon select 20 on Where do we write the bird month, Brandon select 2000 on Where do we write the bird month, Brandon clicks on Button for next page , Brandon enters '29902020' into Where do we write code postal, Brandon clicks on SELECT SYSTEM OPERATIVE, Brandon clicks on SELECT SYSTEM OPERATIVE, Brandon clicks on next page Three, Brandon clicks on SELECT SYSTEM OPERATIVE, Brandon clicks on SELECT SYSTEM OPERATIVE, Brandon clicks on SELECT SYSTEM OPERATIVE, Brandon clicks on SELECT SYSTEM OPERATIVE, Brandon clicks on SELECT SYSTEM OPERATIVE, Brandon clicks on SELECT SYSTEM OPERATIVE, Brandon clicks on SELECT SYSTEM OPERATIVE, Brandon clicks on SELECT SYSTEM OPERATIVE, Brandon clicks on SELECT SYSTEM OPERATIVE, Brandon clicks on SELECT SYSTEM OPERATIVE, Brandon clicks on SELECT SYSTEM OPERATIVE, Brandon clicks on SELECT SYSTEM OPERATIVE, Brandon clicks on next page Three, Brandon enters '#aAS3Okldlqw' into WRITE YOUR PASSWORD, Brandon enters '#aAS3Okldlqw' into WRITE YOUR PASSWORD PASSWORD_CONFIRM, Brandon clicks on WRITE YOUR PASSWORD PASSWORD_CONFIRM, Brandon clicks on WRITE YOUR PASSWORD PASSWORD_CONFIRM]], When Busco ingresar datos relacionados al login en la pagina de Utest, Then Rellena todos los datos sobre del formulario de registro, para completarlo de forma exitosa
[Test worker] WARN net.thucydides.core.steps.BaseStepListener - testFinished: Completae la prueba de automatización en Utest:Given Quiero completar la prueba tecnica de Choucair asociada a la automatizacion [Brandon open up [Brandon opens the U test page], Brandon login [Brandon clicks on button that shows us the form to login, Brandon enters 'Daniel' into Where do we write the frist name, Brandon enters 'Zuleta' into Where do we write the last name, Brandon enters 'Danielzuleta2022@pruebados.com' into Where do we write the e-mail, Brandon select February on Where do we write the bird month, Brandon select 20 on Where do we write the bird month, Brandon select 2000 on Where do we write the bird month, Brandon clicks on Button for next page , Brandon enters '29902020' into Where do we write code postal, Brandon clicks on SELECT SYSTEM OPERATIVE, Brandon clicks on SELECT SYSTEM OPERATIVE, Brandon clicks on next page Three, Brandon clicks on SELECT SYSTEM OPERATIVE, Brandon clicks on SELECT SYSTEM OPERATIVE, Brandon clicks on SELECT SYSTEM OPERATIVE, Brandon clicks on SELECT SYSTEM OPERATIVE, Brandon clicks on SELECT SYSTEM OPERATIVE, Brandon clicks on SELECT SYSTEM OPERATIVE, Brandon clicks on SELECT SYSTEM OPERATIVE, Brandon clicks on SELECT SYSTEM OPERATIVE, Brandon clicks on SELECT SYSTEM OPERATIVE, Brandon clicks on SELECT SYSTEM OPERATIVE, Brandon clicks on SELECT SYSTEM OPERATIVE, Brandon clicks on SELECT SYSTEM OPERATIVE, Brandon clicks on next page Three, Brandon enters '#aAS3Okldlqw' into WRITE YOUR PASSWORD, Brandon enters '#aAS3Okldlqw' into WRITE YOUR PASSWORD PASSWORD_CONFIRM, Brandon clicks on WRITE YOUR PASSWORD PASSWORD_CONFIRM, Brandon clicks on WRITE YOUR PASSWORD PASSWORD_CONFIRM]], When Busco ingresar datos relacionados al login en la pagina de Utest, Then Rellena todos los datos sobre del formulario de registro, para completarlo de forma exitosa
[Test worker] WARN net.thucydides.core.steps.BaseStepListener - TestOutcomes: [Completae la prueba de automatización en Utest:Given Quiero completar la prueba tecnica de Choucair asociada a la automatizacion [Brandon open up [Brandon opens the U test page], Brandon login [Brandon clicks on button that shows us the form to login, Brandon enters 'Daniel' into Where do we write the frist name, Brandon enters 'Zuleta' into Where do we write the last name, Brandon enters 'Danielzuleta2022@pruebados.com' into Where do we write the e-mail, Brandon select February on Where do we write the bird month, Brandon select 20 on Where do we write the bird month, Brandon select 2000 on Where do we write the bird month, Brandon clicks on Button for next page , Brandon enters '29902020' into Where do we write code postal, Brandon clicks on SELECT SYSTEM OPERATIVE, Brandon clicks on SELECT SYSTEM OPERATIVE, Brandon clicks on next page Three, Brandon clicks on SELECT SYSTEM OPERATIVE, Brandon clicks on SELECT SYSTEM OPERATIVE, Brandon clicks on SELECT SYSTEM OPERATIVE, Brandon clicks on SELECT SYSTEM OPERATIVE, Brandon clicks on SELECT SYSTEM OPERATIVE, Brandon clicks on SELECT SYSTEM OPERATIVE, Brandon clicks on SELECT SYSTEM OPERATIVE, Brandon clicks on SELECT SYSTEM OPERATIVE, Brandon clicks on SELECT SYSTEM OPERATIVE, Brandon clicks on SELECT SYSTEM OPERATIVE, Brandon clicks on SELECT SYSTEM OPERATIVE, Brandon clicks on SELECT SYSTEM OPERATIVE, Brandon clicks on next page Three, Brandon enters '#aAS3Okldlqw' into WRITE YOUR PASSWORD, Brandon enters '#aAS3Okldlqw' into WRITE YOUR PASSWORD PASSWORD_CONFIRM, Brandon clicks on WRITE YOUR PASSWORD PASSWORD_CONFIRM, Brandon clicks on WRITE YOUR PASSWORD PASSWORD_CONFIRM]], When Busco ingresar datos relacionados al login en la pagina de Utest, Then Rellena todos los datos sobre del formulario de registro, para completarlo de forma exitosa]
[Test worker] WARN net.thucydides.core.steps.BaseStepListener - Final testOutcomes: [Completae la prueba de automatización en Utest:Given Quiero completar la prueba tecnica de Choucair asociada a la automatizacion [Brandon open up [Brandon opens the U test page], Brandon login [Brandon clicks on button that shows us the form to login, Brandon enters 'Daniel' into Where do we write the frist name, Brandon enters 'Zuleta' into Where do we write the last name, Brandon enters 'Danielzuleta2022@pruebados.com' into Where do we write the e-mail, Brandon select February on Where do we write the bird month, Brandon select 20 on Where do we write the bird month, Brandon select 2000 on Where do we write the bird month, Brandon clicks on Button for next page , Brandon enters '29902020' into Where do we write code postal, Brandon clicks on SELECT SYSTEM OPERATIVE, Brandon clicks on SELECT SYSTEM OPERATIVE, Brandon clicks on next page Three, Brandon clicks on SELECT SYSTEM OPERATIVE, Brandon clicks on SELECT SYSTEM OPERATIVE, Brandon clicks on SELECT SYSTEM OPERATIVE, Brandon clicks on SELECT SYSTEM OPERATIVE, Brandon clicks on SELECT SYSTEM OPERATIVE, Brandon clicks on SELECT SYSTEM OPERATIVE, Brandon clicks on SELECT SYSTEM OPERATIVE, Brandon clicks on SELECT SYSTEM OPERATIVE, Brandon clicks on SELECT SYSTEM OPERATIVE, Brandon clicks on SELECT SYSTEM OPERATIVE, Brandon clicks on SELECT SYSTEM OPERATIVE, Brandon clicks on SELECT SYSTEM OPERATIVE, Brandon clicks on next page Three, Brandon enters '#aAS3Okldlqw' into WRITE YOUR PASSWORD, Brandon enters '#aAS3Okldlqw' into WRITE YOUR PASSWORD PASSWORD_CONFIRM, Brandon clicks on WRITE YOUR PASSWORD PASSWORD_CONFIRM, Brandon clicks on WRITE YOUR PASSWORD PASSWORD_CONFIRM]], When Busco ingresar datos relacionados al login en la pagina de Utest, Then Rellena todos los datos sobre del formulario de registro, para completarlo de forma exitosa]
[Test worker] INFO net.thucydides.core.steps.ConsoleLoggingListener - 
        __    _____ _____ ____ _____   ____   _    ____  ____  _____ ____  
  _     \ \  |_   _| ____/ ___|_   _| |  _ \ / \  / ___|/ ___|| ____|  _ \ 
 (_)_____| |   | | |  _| \___ \ | |   | |_) / _ \ \___ \\___ \|  _| | | | |
  _|_____| |   | | | |___ ___) || |   |  __/ ___ \ ___) |___) | |___| |_| |
 (_)     | |   |_| |_____|____/ |_|   |_| /_/   \_\____/|____/|_____|____/ 
        /_/                                                                

TEST PASSED: Completae la prueba de automatización en Utest
----------------------------------------------------------------------------
]]></system-err>
</testsuite>
